The system is: Windows - 6.3.9600 - AMD64
Compiling the C compiler identification source file "CMakeCCompilerId.c" succeeded.
Compiler: C:/MinGW/bin/gcc.exe 
Build flags: 
Id flags:  

The output was:
0


Compilation of the C compiler identification source "CMakeCCompilerId.c" produced "a.exe"

Compiling the C compiler identification source file "CMakeCCompilerId.c" succeeded.
Compiler: C:/MinGW/bin/gcc.exe 
Build flags: 
Id flags: -c 

The output was:
0


Compilation of the C compiler identification source "CMakeCCompilerId.c" produced "CMakeCCompilerId.o"

The C compiler identification is GNU, found in "C:/Users/court_000/Documents/CS184/example_01/example_01/build/CMakeFiles/3.9.0/CompilerIdC/CMakeCCompilerId.o"

Compiling the CXX compiler identification source file "CMakeCXXCompilerId.cpp" succeeded.
Compiler: C:/MinGW/bin/g++.exe 
Build flags: 
Id flags:  

The output was:
0


Compilation of the CXX compiler identification source "CMakeCXXCompilerId.cpp" produced "a.exe"

Compiling the CXX compiler identification source file "CMakeCXXCompilerId.cpp" succeeded.
Compiler: C:/MinGW/bin/g++.exe 
Build flags: 
Id flags: -c 

The output was:
0


Compilation of the CXX compiler identification source "CMakeCXXCompilerId.cpp" produced "CMakeCXXCompilerId.o"

The CXX compiler identification is GNU, found in "C:/Users/court_000/Documents/CS184/example_01/example_01/build/CMakeFiles/3.9.0/CompilerIdCXX/CMakeCXXCompilerId.o"

Determining if the C compiler works passed with the following output:
Change Dir: C:/Users/court_000/Documents/CS184/example_01/example_01/build/CMakeFiles/CMakeTmp

Run Build Command:"C:/MinGW/bin/mingw32-make.exe" "cmTC_c407c/fast"
C:/MinGW/bin/mingw32-make.exe -f CMakeFiles\cmTC_c407c.dir\build.make CMakeFiles/cmTC_c407c.dir/build
mingw32-make.exe[1]: Entering directory 'C:/Users/court_000/Documents/CS184/example_01/example_01/build/CMakeFiles/CMakeTmp'
Building C object CMakeFiles/cmTC_c407c.dir/testCCompiler.c.obj
C:\MinGW\bin\gcc.exe    -o CMakeFiles\cmTC_c407c.dir\testCCompiler.c.obj   -c C:\Users\court_000\Documents\CS184\example_01\example_01\build\CMakeFiles\CMakeTmp\testCCompiler.c
Linking C executable cmTC_c407c.exe
"C:\Program Files\CMake\bin\cmake.exe" -E cmake_link_script CMakeFiles\cmTC_c407c.dir\link.txt --verbose=1
"C:\Program Files\CMake\bin\cmake.exe" -E remove -f CMakeFiles\cmTC_c407c.dir/objects.a
C:\MinGW\bin\ar.exe cr CMakeFiles\cmTC_c407c.dir/objects.a @CMakeFiles\cmTC_c407c.dir\objects1.rsp
C:\MinGW\bin\gcc.exe      -Wl,--whole-archive CMakeFiles\cmTC_c407c.dir/objects.a -Wl,--no-whole-archive  -o cmTC_c407c.exe -Wl,--out-implib,libcmTC_c407c.dll.a -Wl,--major-image-version,0,--minor-image-version,0 @CMakeFiles\cmTC_c407c.dir\linklibs.rsp
mingw32-make.exe[1]: Leaving directory 'C:/Users/court_000/Documents/CS184/example_01/example_01/build/CMakeFiles/CMakeTmp'


Determining if the CXX compiler works passed with the following output:
Change Dir: C:/Users/court_000/Documents/CS184/example_01/example_01/build/CMakeFiles/CMakeTmp

Run Build Command:"C:/MinGW/bin/mingw32-make.exe" "cmTC_b94be/fast"
C:/MinGW/bin/mingw32-make.exe -f CMakeFiles\cmTC_b94be.dir\build.make CMakeFiles/cmTC_b94be.dir/build
mingw32-make.exe[1]: Entering directory 'C:/Users/court_000/Documents/CS184/example_01/example_01/build/CMakeFiles/CMakeTmp'
Building CXX object CMakeFiles/cmTC_b94be.dir/testCXXCompiler.cxx.obj
C:\MinGW\bin\g++.exe     -o CMakeFiles\cmTC_b94be.dir\testCXXCompiler.cxx.obj -c C:\Users\court_000\Documents\CS184\example_01\example_01\build\CMakeFiles\CMakeTmp\testCXXCompiler.cxx
Linking CXX executable cmTC_b94be.exe
"C:\Program Files\CMake\bin\cmake.exe" -E cmake_link_script CMakeFiles\cmTC_b94be.dir\link.txt --verbose=1
"C:\Program Files\CMake\bin\cmake.exe" -E remove -f CMakeFiles\cmTC_b94be.dir/objects.a
C:\MinGW\bin\ar.exe cr CMakeFiles\cmTC_b94be.dir/objects.a @CMakeFiles\cmTC_b94be.dir\objects1.rsp
C:\MinGW\bin\g++.exe      -Wl,--whole-archive CMakeFiles\cmTC_b94be.dir/objects.a -Wl,--no-whole-archive  -o cmTC_b94be.exe -Wl,--out-implib,libcmTC_b94be.dll.a -Wl,--major-image-version,0,--minor-image-version,0 @CMakeFiles\cmTC_b94be.dir\linklibs.rsp
mingw32-make.exe[1]: Leaving directory 'C:/Users/court_000/Documents/CS184/example_01/example_01/build/CMakeFiles/CMakeTmp'


